Added Component: Designator=C63(CAP0603)
Added Component: Designator=C64(CAP1210)
Added Component: Designator=C65(CAP1210)
Added Component: Designator=C66(CAP1210)
Added Component: Designator=C67(CAP1210)
Added Component: Designator=C68(CAP1210)
Added Component: Designator=L1(CDRH5D28RHP)
Added Component: Designator=R19(RES0603)
Added Component: Designator=R20(RES0603)
Added Component: Designator=U14(SOT23-6)
Added Pin To Net: NetName=GND Pin=C64-2
Added Pin To Net: NetName=GND Pin=C65-2
Added Pin To Net: NetName=GND Pin=C66-1
Added Pin To Net: NetName=+3V3 Pin=C66-2
Added Pin To Net: NetName=GND Pin=C67-1
Added Pin To Net: NetName=+3V3 Pin=C67-2
Added Pin To Net: NetName=GND Pin=C68-1
Added Pin To Net: NetName=+3V3 Pin=C68-2
Added Pin To Net: NetName=+3V3 Pin=L1-1
Added Pin To Net: NetName=+3V3 Pin=R20-2
Added Pin To Net: NetName=GND Pin=U14-1
Added Pin To Net: NetName=FEEDBACK Pin=R20-1
Added Pin To Net: NetName=FEEDBACK Pin=U14-4
Added Net: Name=FEEDBACK
Added Pin To Net: NetName=NetC63_2 Pin=C63-2
Added Pin To Net: NetName=NetC63_2 Pin=U14-6
Added Net: Name=NetC63_2
Added Pin To Net: NetName=NetR19_1 Pin=R19-1
Added Pin To Net: NetName=NetR19_1 Pin=U14-5
Added Net: Name=NetR19_1
Added Pin To Net: NetName=SW Pin=C63-1
Added Pin To Net: NetName=SW Pin=L1-2
Added Pin To Net: NetName=SW Pin=U14-2
Added Net: Name=SW
Added Member To Class: ClassName=PWR Member=Component C63 ChipCap 0.1u X7R
Added Member To Class: ClassName=PWR Member=Component C64 ChipCap 10u X7R
Added Member To Class: ClassName=PWR Member=Component C65 ChipCap 10u X7R
Added Member To Class: ClassName=PWR Member=Component C66 ChipCap 22u X7R
Added Member To Class: ClassName=PWR Member=Component C67 ChipCap 22u X7R
Added Member To Class: ClassName=PWR Member=Component C68 ChipCap 22u X7R
Added Member To Class: ClassName=PWR Member=Component L1 Inductance
Added Member To Class: ClassName=PWR Member=Component R19 ChipRes 47K 1%
Added Member To Class: ClassName=PWR Member=Component R20 ChipRes 33K2 1%
Added Member To Class: ClassName=PWR Member=Component U14 TPS563200
