Removed Pin From Net: NetName=NetC?_2 Pin=C?-2
Removed Pin From Net: NetName=SDMMC_D2 Pin=R?-1
Removed Pin From Net: NetName=+3V3 Pin=R?-2
Removed Pin From Net: NetName=NetC?_2 Pin=R?-2
Change Component DesignItemId : Designator=R? Old DesignItemId=ChipRes 10K 1% New DesignItemId=RES0402 10K 1%
Change Component DesignItemId : Designator=R? Old DesignItemId=RES0402 10K 1% New DesignItemId=ChipRes 10K 1%
Change Component Footprint: Designator=R? Old Footprint=RES0402 New Footprint=RES0805
Change Component Footprint: Designator=R? Old Footprint=RES0805 New Footprint=RES0402
Change Component Comment : Designator=R? Old Comment=ChipRes 10K 1% New Comment=RES0402 10K 1%
Change Component Comment : Designator=R? Old Comment=RES0402 10K 1% New Comment=ChipRes 10K 1%
Added Component: Designator=R?(RES0402)
Added Component: Designator=X?(KX-327NHT)
Added Pin To Net: NetName=NetC?_2 Pin=C?-2
Added Pin To Net: NetName=+3V3 Pin=R?-1
Added Pin To Net: NetName=SDMMC_D2 Pin=R?-1
Added Pin To Net: NetName=+3V3 Pin=R?-2
Added Pin To Net: NetName=NetC?_2 Pin=U1-H1
Added Pin To Net: NetName=NetC10_2 Pin=X?-1
Added Pin To Net: NetName=NetC?_2 Pin=X?-1
Added Pin To Net: NetName=NetC11_2 Pin=X?-2
Added Member To Class: ClassName=MCU Member=Component C? ChipCap 18 NP0
Added Member To Class: ClassName=PWR Member=Component C? ChipCap 0.1u X7R
Added Member To Class: ClassName=PWR Member=Component C? ChipCap 0.1u X7R
Added Member To Class: ClassName=PWR Member=Component C? ChipCap 0.1u X7R
Added Member To Class: ClassName=PWR Member=Component C? ChipCap 0.1u X7R
Added Member To Class: ClassName=PWR Member=Component C? ChipCap 0.1u X7R
Added Member To Class: ClassName=PWR Member=Component C? ChipCap 0.1u X7R
Added Member To Class: ClassName=PWR Member=Component C? ChipCap 0.1u X7R
Added Member To Class: ClassName=PWR Member=Component C? ChipCap 0.1u X7R
Added Member To Class: ClassName=PWR Member=Component C? ChipCap 0.1u X7R
Added Member To Class: ClassName=PWR Member=Component C? ChipCap 0.1u X7R
Added Member To Class: ClassName=PWR Member=Component C? ChipCap 0.1u X7R
Added Member To Class: ClassName=PWR Member=Component C? ChipCap 0.1u X7R
Added Member To Class: ClassName=PWR Member=Component C? ChipCap 0.1u X7R
Added Member To Class: ClassName=PWR Member=Component C? ChipCap 0.1u X7R
Added Member To Class: ClassName=PWR Member=Component C? ChipCap 0.1u X7R
Added Member To Class: ClassName=PWR Member=Component C? ChipCap 0.1u X7R
Added Member To Class: ClassName=PWR Member=Component C? ChipCap 0.1u X7R
Added Member To Class: ClassName=PWR Member=Component C? ChipCap 0.1u X7R
Added Member To Class: ClassName=PWR Member=Component C? ChipCap 0.1u X7R
Added Member To Class: ClassName=PWR Member=Component C? ChipCap 0.1u X7R
Added Member To Class: ClassName=PWR Member=Component C? ChipCap 22u X7R
Added Member To Class: ClassName=PWR Member=Component C? ChipCap 22u X7R
Added Member To Class: ClassName=PWR Member=Component C? ChipCap 22u X7R
Added Member To Class: ClassName=PWR Member=Component J? Jumper
Added Member To Class: ClassName=MCU Member=Component R? RES0402 10K 1%
Added Member To Class: ClassName=MCU Member=Component R? RES0402 10K 1%
Added Member To Class: ClassName=MCU Member=Component R? RES0402 10K 1%
Added Member To Class: ClassName=MCU Member=Component R? RES0603 10K 1%
Added Member To Class: ClassName=MCU Member=Component R? RES0603 10K 1%
Added Member To Class: ClassName=MCU Member=Component R? RES0603 220R 1%
Added Member To Class: ClassName=MCU Member=Component R? RES0402 10K 1%
Added Member To Class: ClassName=MCU Member=Component R? RES0402 10K 1%
Added Member To Class: ClassName=MCU Member=Component R? RES0402 10K 1%
Added Member To Class: ClassName=PWR Member=Component R? ChipRes 10K 1%
Added Member To Class: ClassName=MCU Member=Component X? XTAL
Added Member To Class: ClassName=MCU Member=Component X? XTAL
