Removed Pin From Net: NetName=SDMMC_D1 Pin=R?-1
Removed Pin From Net: NetName=+3V3 Pin=R?-2
Change Component DesignItemId : Designator=R? Old DesignItemId=RES0402 10K 1% New DesignItemId=ChipRes 10K 1%
Change Component Footprint: Designator=R? Old Footprint=RES0402 New Footprint=RES0805
Change Component Comment : Designator=R? Old Comment=RES0402 10K 1% New Comment=ChipRes 10K 1%
Added Component: Designator=C10(CAP0603)
Added Component: Designator=C11(CAP0603)
Added Component: Designator=C14(CAP0402)
Added Component: Designator=C?(CAP0603)
Added Component: Designator=C?(CAP0603)
Added Component: Designator=C?(CAP0603)
Added Component: Designator=C?(CAP0603)
Added Component: Designator=C?(CAP0603)
Added Component: Designator=C?(CAP0603)
Added Component: Designator=C?(CAP0603)
Added Component: Designator=C?(CAP0603)
Added Component: Designator=C?(CAP0603)
Added Component: Designator=C?(CAP0603)
Added Component: Designator=C?(CAP0603)
Added Component: Designator=C?(CAP0603)
Added Component: Designator=C?(CAP0603)
Added Component: Designator=C?(CAP0603)
Added Component: Designator=C?(CAP0603)
Added Component: Designator=C?(CAP0603)
Added Component: Designator=C?(CAP0603)
Added Component: Designator=C?(CAP0603)
Added Component: Designator=C?(CAP0603)
Added Component: Designator=C?(CAP0603)
Added Component: Designator=C?(CAP0603)
Added Component: Designator=C?(CAP0805)
Added Component: Designator=C?(CAP0805)
Added Component: Designator=C?(CAP0805)
Added Component: Designator=C?(CAP0402)
Added Component: Designator=C?(CAP0402)
Added Component: Designator=J?(J0603)
Added Component: Designator=J?(J0603)
Added Component: Designator=R?(RES0805)
Added Component: Designator=R?(RES0603)
Added Component: Designator=R?(RES0603)
Added Component: Designator=R?(RES0603)
Added Component: Designator=R?(RES0603)
Added Component: Designator=R?(RES0402)
Added Component: Designator=R?(RES0402)
Added Component: Designator=TP?(PG-1.5-13.5-6P-2.54PH)
Added Pin To Net: NetName=GND Pin=C10-1
Added Pin To Net: NetName=GND Pin=C11-1
Added Pin To Net: NetName=GND Pin=C14-1
Added Pin To Net: NetName=+3V3 Pin=C14-2
Added Pin To Net: NetName=+3V3 Pin=C?-1
Added Pin To Net: NetName=GND Pin=C?-1
Added Pin To Net: NetName=GND Pin=C?-1
Added Pin To Net: NetName=GND Pin=C?-1
Added Pin To Net: NetName=GND Pin=C?-1
Added Pin To Net: NetName=GND Pin=C?-1
Added Pin To Net: NetName=GND Pin=C?-1
Added Pin To Net: NetName=GND Pin=C?-1
Added Pin To Net: NetName=GND Pin=C?-1
Added Pin To Net: NetName=GND Pin=C?-1
Added Pin To Net: NetName=GND Pin=C?-1
Added Pin To Net: NetName=GND Pin=C?-1
Added Pin To Net: NetName=GND Pin=C?-1
Added Pin To Net: NetName=GND Pin=C?-1
Added Pin To Net: NetName=GND Pin=C?-1
Added Pin To Net: NetName=GND Pin=C?-1
Added Pin To Net: NetName=GND Pin=C?-1
Added Pin To Net: NetName=GND Pin=C?-1
Added Pin To Net: NetName=GND Pin=C?-1
Added Pin To Net: NetName=GND Pin=C?-1
Added Pin To Net: NetName=GND Pin=C?-1
Added Pin To Net: NetName=GND Pin=C?-1
Added Pin To Net: NetName=GND Pin=C?-1
Added Pin To Net: NetName=GND Pin=C?-1
Added Pin To Net: NetName=GND Pin=C?-1
Added Pin To Net: NetName=GND Pin=C?-1
Added Pin To Net: NetName=+3V3 Pin=C?-2
Added Pin To Net: NetName=+3V3 Pin=C?-2
Added Pin To Net: NetName=+3V3 Pin=C?-2
Added Pin To Net: NetName=+3V3 Pin=C?-2
Added Pin To Net: NetName=+3V3 Pin=C?-2
Added Pin To Net: NetName=+3V3 Pin=C?-2
Added Pin To Net: NetName=+3V3 Pin=C?-2
Added Pin To Net: NetName=+3V3 Pin=C?-2
Added Pin To Net: NetName=+3V3 Pin=C?-2
Added Pin To Net: NetName=+3V3 Pin=C?-2
Added Pin To Net: NetName=+3V3 Pin=C?-2
Added Pin To Net: NetName=+3V3 Pin=C?-2
Added Pin To Net: NetName=+3V3 Pin=C?-2
Added Pin To Net: NetName=+3V3 Pin=C?-2
Added Pin To Net: NetName=+3V3 Pin=C?-2
Added Pin To Net: NetName=+3V3 Pin=C?-2
Added Pin To Net: NetName=+3V3 Pin=C?-2
Added Pin To Net: NetName=+3V3 Pin=C?-2
Added Pin To Net: NetName=+3V3 Pin=C?-2
Added Pin To Net: NetName=+3V3 Pin=C?-2
Added Pin To Net: NetName=GND Pin=C?-2
Added Pin To Net: NetName=GND Pin=J?-1
Added Pin To Net: NetName=GND Pin=J?-1
Added Pin To Net: NetName=+3V3 Pin=R?-1
Added Pin To Net: NetName=+3V3 Pin=R?-1
Added Pin To Net: NetName=GND Pin=R?-1
Added Pin To Net: NetName=SDMMC_D1 Pin=R?-1
Added Pin To Net: NetName=SDMMC_D2 Pin=R?-1
Added Pin To Net: NetName=SWDIO Pin=R?-1
Added Pin To Net: NetName=SWO Pin=R?-1
Added Pin To Net: NetName=+3V3 Pin=R?-2
Added Pin To Net: NetName=+3V3 Pin=R?-2
Added Pin To Net: NetName=+3V3 Pin=R?-2
Added Pin To Net: NetName=+3V3 Pin=R?-2
Added Pin To Net: NetName=SWCLK Pin=R?-2
Added Pin To Net: NetName=+3V3 Pin=TP?-1
Added Pin To Net: NetName=SWCLK Pin=TP?-2
Added Pin To Net: NetName=GND Pin=TP?-3
Added Pin To Net: NetName=SWDIO Pin=TP?-4
Added Pin To Net: NetName=SWO Pin=TP?-6
Added Pin To Net: NetName=+3V3 Pin=U1-C1
Added Pin To Net: NetName=+3V3 Pin=U1-E7
Added Pin To Net: NetName=+3V3 Pin=U1-E8
Added Pin To Net: NetName=+3V3 Pin=U1-E9
Added Pin To Net: NetName=+3V3 Pin=U1-E10
Added Pin To Net: NetName=GND Pin=U1-F2
Added Pin To Net: NetName=+3V3 Pin=U1-F4
Added Pin To Net: NetName=+3V3 Pin=U1-F5
Added Pin To Net: NetName=GND Pin=U1-F6
Added Pin To Net: NetName=GND Pin=U1-F7
Added Pin To Net: NetName=GND Pin=U1-F8
Added Pin To Net: NetName=GND Pin=U1-F9
Added Pin To Net: NetName=GND Pin=U1-F10
Added Pin To Net: NetName=+3V3 Pin=U1-F11
Added Pin To Net: NetName=+3V3 Pin=U1-G5
Added Pin To Net: NetName=GND Pin=U1-G6
Added Pin To Net: NetName=GND Pin=U1-G10
Added Pin To Net: NetName=+3V3 Pin=U1-G11
Added Pin To Net: NetName=+3V3 Pin=U1-H5
Added Pin To Net: NetName=GND Pin=U1-H6
Added Pin To Net: NetName=GND Pin=U1-H10
Added Pin To Net: NetName=+3V3 Pin=U1-H11
Added Pin To Net: NetName=+3V3 Pin=U1-J5
Added Pin To Net: NetName=GND Pin=U1-J6
Added Pin To Net: NetName=GND Pin=U1-J10
Added Pin To Net: NetName=+3V3 Pin=U1-J11
Added Pin To Net: NetName=+3V3 Pin=U1-K5
Added Pin To Net: NetName=GND Pin=U1-K6
Added Pin To Net: NetName=GND Pin=U1-K7
Added Pin To Net: NetName=GND Pin=U1-K8
Added Pin To Net: NetName=GND Pin=U1-K9
Added Pin To Net: NetName=GND Pin=U1-K10
Added Pin To Net: NetName=+3V3 Pin=U1-K11
Added Pin To Net: NetName=+3V3 Pin=U1-L5
Added Pin To Net: NetName=GND Pin=U1-L6
Added Pin To Net: NetName=+3V3 Pin=U1-L7
Added Pin To Net: NetName=+3V3 Pin=U1-L8
Added Pin To Net: NetName=+3V3 Pin=U1-L9
Added Pin To Net: NetName=+3V3 Pin=U1-L10
Added Pin To Net: NetName=GND Pin=U1-M1
Added Pin To Net: NetName=AVCC Pin=C?-2
Added Pin To Net: NetName=AVCC Pin=U1-R1
Added Net: Name=AVCC
Added Pin To Net: NetName=NetC10_2 Pin=C10-2
Added Pin To Net: NetName=NetC10_2 Pin=U1-E1
Added Net: Name=NetC10_2
Added Pin To Net: NetName=NetC11_2 Pin=C11-2
Added Pin To Net: NetName=NetC11_2 Pin=U1-F1
Added Net: Name=NetC11_2
Added Pin To Net: NetName=NetC?_2 Pin=C?-2
Added Pin To Net: NetName=NetC?_2 Pin=R?-2
Added Net: Name=NetC?_2
Added Pin To Net: NetName=NetJ?_2 Pin=J?-2
Added Pin To Net: NetName=NetJ?_2 Pin=R?-2
Added Pin To Net: NetName=NetJ?_2 Pin=U1-E6
Added Net: Name=NetJ?_2
Added Pin To Net: NetName=NetR?_1 Pin=R?-1
Added Pin To Net: NetName=NetR?_1 Pin=U1-G1
Added Net: Name=NetR?_1
Added Pin To Net: NetName=NRESET Pin=TP?-5
Added Net: Name=NRESET
Added Class: Name=PWR
Added Member To Class: ClassName=MCU Member=Component C10 ChipCap 12 NP0
Added Member To Class: ClassName=MCU Member=Component C11 ChipCap 12 NP0
Added Member To Class: ClassName=MCU Member=Component C14 ChipCap 0.1u X7R
Added Member To Class: ClassName=MCU Member=Component C? ChipCap 18 NP0
Added Member To Class: ClassName=MCU Member=Component C? ChipCap 18 NP0
Added Member To Class: ClassName=MCU Member=Component R? RES0603 10K 1%
Added Member To Class: ClassName=MCU Member=Component R? RES0603 10K 1%
Added Member To Class: ClassName=MCU Member=Component R? RES0603 220R 1%
Added Member To Class: ClassName=MCU Member=Component R? RES0402 10K 1%
Added Member To Class: ClassName=MCU Member=Component R? RES0402 10K 1%
Added Member To Class: ClassName=MCU Member=Component R? RES0402 10K 1%
Added Member To Class: ClassName=MCU Member=Component R? RES0402 10K 1%
Added Member To Class: ClassName=MCU Member=Component R? RES0402 10K 1%
Added Member To Class: ClassName=MCU Member=Component R? RES0402 10K 1%
Added Member To Class: ClassName=MCU Member=Component TP? Test Point 5x2
Added Member To Class: ClassName=RAM Member=Wire NetC?_2
Added Member To Class: ClassName=RAM Member=Wire NetR?_1
Added Room: Name=MCU
Added Room: Name=PWR
Added Room: Name=RAM
